TN:
SF:src/buildObject.js
FN:3,(anonymous_0)
FN:10,(anonymous_1)
FNF:2
FNH:2
FNDA:1,(anonymous_0)
FNDA:5,(anonymous_1)
DA:3,1
DA:4,1
DA:5,1
DA:6,1
DA:7,1
DA:10,1
DA:11,5
DA:12,1
DA:13,4
DA:14,2
DA:15,2
DA:16,1
DA:17,1
DA:19,1
DA:23,1
LF:15
LH:15
BRDA:11,0,0,1
BRDA:11,0,1,4
BRDA:13,1,0,2
BRDA:13,1,1,2
BRDA:15,2,0,1
BRDA:15,2,1,1
BRF:6
BRH:6
end_of_record
TN:
SF:src/index.js
FN:8,(anonymous_0)
FN:9,(anonymous_1)
FN:10,(anonymous_2)
FN:12,(anonymous_3)
FNF:4
FNH:4
FNDA:2,(anonymous_0)
FNDA:2,(anonymous_1)
FNDA:2,(anonymous_2)
FNDA:1,(anonymous_3)
DA:8,2
DA:9,2
DA:10,2
DA:12,1
DA:13,1
DA:14,1
DA:15,1
DA:16,1
LF:8
LH:8
BRF:0
BRH:0
end_of_record
TN:
SF:src/parser.js
FN:3,(anonymous_0)
FNF:1
FNH:1
FNDA:2,(anonymous_0)
DA:3,1
DA:4,2
DA:6,2
DA:8,0
DA:10,0
DA:12,0
LF:6
LH:3
BRDA:4,0,0,2
BRDA:4,0,1,0
BRDA:4,0,2,0
BRDA:4,0,3,0
BRF:4
BRH:1
end_of_record
TN:
SF:src/toString.js
FN:3,(anonymous_0)
FN:4,(anonymous_1)
FN:9,(anonymous_2)
FNF:3
FNH:3
FNDA:2,(anonymous_0)
FNDA:14,(anonymous_1)
FNDA:12,(anonymous_2)
DA:3,1
DA:4,2
DA:5,14
DA:6,12
DA:9,2
DA:10,12
DA:11,12
DA:12,12
DA:14,2
DA:15,2
DA:16,2
DA:19,2
LF:12
LH:12
BRDA:3,0,0,1
BRDA:3,1,0,1
BRDA:5,2,0,12
BRDA:5,2,1,2
BRF:4
BRH:4
end_of_record
